<?xml version="1.0" encoding="utf-8"?><testsuites name="pytest tests"><testsuite name="pytest" errors="0" failures="0" skipped="0" tests="6" time="0.233" timestamp="2026-06-01T20:04:10.774025+08:00" hostname="DESKTOP-OB5646S"><testcase classname="research.operations.vnext_absolute_moonshot_lane17_market_awareness_whiteboard_2026_06_01.test_vnext_absolute_moonshot_lane17_market_awareness_whiteboard" name="test_schema_has_required_market_awareness_fields_and_source_labels" time="0.001" /><testcase classname="research.operations.vnext_absolute_moonshot_lane17_market_awareness_whiteboard_2026_06_01.test_vnext_absolute_moonshot_lane17_market_awareness_whiteboard" name="test_correlation_pairs_cover_full_24_symbol_matrix_without_topn" time="0.005" /><testcase classname="research.operations.vnext_absolute_moonshot_lane17_market_awareness_whiteboard_2026_06_01.test_vnext_absolute_moonshot_lane17_market_awareness_whiteboard" name="test_sample_whiteboard_row_has_multitimeframe_source_state_and_no_result_leak" time="0.001" /><testcase classname="research.operations.vnext_absolute_moonshot_lane17_market_awareness_whiteboard_2026_06_01.test_vnext_absolute_moonshot_lane17_market_awareness_whiteboard" name="test_forward_capture_contract_is_default_off" time="0.000" /><testcase classname="research.operations.vnext_absolute_moonshot_lane17_market_awareness_whiteboard_2026_06_01.test_vnext_absolute_moonshot_lane17_market_awareness_whiteboard" name="test_downstream_contract_has_all_expected_consumers" time="0.000" /><testcase classname="research.operations.vnext_absolute_moonshot_lane17_market_awareness_whiteboard_2026_06_01.test_vnext_absolute_moonshot_lane17_market_awareness_whiteboard" name="test_validate_row_no_leak_rejects_label_result_fields" time="0.000" /></testsuite></testsuites>