<?xml version="1.0" encoding="utf-8"?><testsuites name="pytest tests"><testsuite name="pytest" errors="0" failures="0" skipped="0" tests="3" time="0.703" timestamp="2026-06-01T05:41:13.334514+08:00" hostname="DESKTOP-OB5646S"><testcase classname="research.operations.vnext_moonshot_lane01_data_universe_source_authority_2026_06_01.test_vnext_moonshot_lane01_data_universe_source_authority" name="test_lane01_inventory_authority_and_parser_contracts_are_materialized" time="0.367" /><testcase classname="research.operations.vnext_moonshot_lane01_data_universe_source_authority_2026_06_01.test_vnext_moonshot_lane01_data_universe_source_authority" name="test_lane01_gap_ledger_preserves_all_symbol_timeframe_and_broker_requirements" time="0.010" /><testcase classname="research.operations.vnext_moonshot_lane01_data_universe_source_authority_2026_06_01.test_vnext_moonshot_lane01_data_universe_source_authority" name="test_lane01_dependency_and_runtime_boundaries_are_explicit" time="0.002" /></testsuite></testsuites>