<?xml version="1.0" encoding="utf-8"?><testsuites name="pytest tests"><testsuite name="pytest" errors="0" failures="0" skipped="0" tests="5" time="63.245" timestamp="2026-06-02T02:13:05.935285+08:00" hostname="DESKTOP-OB5646S"><testcase classname="tests.test_vnext_absolute_moonshot_master_orchestration" name="test_absolute_master_registry_covers_all_18_lanes" time="12.770" /><testcase classname="tests.test_vnext_absolute_moonshot_master_orchestration" name="test_absolute_master_dependency_graph_preserves_waves_and_no_future_deps" time="12.540" /><testcase classname="tests.test_vnext_absolute_moonshot_master_orchestration" name="test_absolute_master_wave1_wave2_wave3_terminal_counts_and_post_lane11_state" time="12.590" /><testcase classname="tests.test_vnext_absolute_moonshot_master_orchestration" name="test_absolute_master_output_contracts_next_wave_and_runtime_boundary_closed" time="12.608" /><testcase classname="tests.test_vnext_absolute_moonshot_master_orchestration" name="test_absolute_master_verifier_catches_core_contract_without_requiring_junit_first" time="12.610" /></testsuite></testsuites>