<?xml version="1.0" encoding="utf-8"?><testsuites name="pytest tests"><testsuite name="pytest" errors="0" failures="0" skipped="0" tests="3" time="0.439" timestamp="2026-06-01T09:08:33.074275+08:00" hostname="DESKTOP-OB5646S"><testcase classname="tests.test_vnext_moonshot_lane07_broker_truth_cost_calibration" name="test_lane07_symbol_spec_preserves_all_24_symbols_and_aliases" time="0.298" /><testcase classname="tests.test_vnext_moonshot_lane07_broker_truth_cost_calibration" name="test_lane07_broker_truth_keeps_broker_history_and_false_close_proof" time="0.004" /><testcase classname="tests.test_vnext_moonshot_lane07_broker_truth_cost_calibration" name="test_lane07_cost_and_downstream_contract_are_nonblocking" time="0.008" /></testsuite></testsuites>