<?xml version="1.0" encoding="utf-8"?><testsuites name="pytest tests"><testsuite name="pytest" errors="0" failures="0" skipped="0" tests="5" time="37.916" timestamp="2026-06-02T01:40:25.293315+08:00" hostname="DESKTOP-OB5646S"><testcase classname="research.operations.vnext_absolute_moonshot_selector_v3_2026_06_01.test_vnext_absolute_moonshot_selector_v3" name="test_selector_v3_classifier_covers_all_required_actions" time="0.001" /><testcase classname="research.operations.vnext_absolute_moonshot_selector_v3_2026_06_01.test_vnext_absolute_moonshot_selector_v3" name="test_package_is_default_off_and_has_full_rule_surface" time="0.028" /><testcase classname="research.operations.vnext_absolute_moonshot_selector_v3_2026_06_01.test_vnext_absolute_moonshot_selector_v3" name="test_full_evidence_ledger_preserves_289928_rows_and_runtime_packet_no_leak" time="37.758" /><testcase classname="research.operations.vnext_absolute_moonshot_selector_v3_2026_06_01.test_vnext_absolute_moonshot_selector_v3" name="test_runtime_packet_schema_forbids_result_and_future_fields" time="0.001" /><testcase classname="research.operations.vnext_absolute_moonshot_selector_v3_2026_06_01.test_vnext_absolute_moonshot_selector_v3" name="test_selector_v3_helper_ignores_future_fields_and_cannot_activate_package" time="0.018" /></testsuite></testsuites>