<?xml version="1.0" encoding="utf-8"?><testsuites name="pytest tests"><testsuite name="pytest" errors="0" failures="0" skipped="0" tests="5" time="2.008" timestamp="2026-05-31T22:18:02.090335+08:00" hostname="DESKTOP-OB5646S"><testcase classname="tests.test_vnext_lane01_fixed_friday_portfolio_replay" name="test_lane01_builder_reproduces_fixed_friday_portfolio_contract" time="0.780" /><testcase classname="tests.test_vnext_lane01_fixed_friday_portfolio_replay" name="test_lane01_builder_records_disk_corrected_dollar_and_exposure_values" time="0.530" /><testcase classname="tests.test_vnext_lane01_fixed_friday_portfolio_replay" name="test_lane01_partial_be_lifecycle_cash_contract" time="0.003" /><testcase classname="tests.test_vnext_lane01_fixed_friday_portfolio_replay" name="test_lane01_risk_rows_include_portfolio_accounting_state" time="0.526" /><testcase classname="tests.test_vnext_lane01_fixed_friday_portfolio_replay" name="test_lane01_written_route_outputs_verify_without_rewrite" time="0.046" /></testsuite></testsuites>