<?xml version="1.0" encoding="utf-8"?><testsuites name="pytest tests"><testsuite name="pytest" errors="0" failures="0" skipped="0" tests="5" time="0.402" timestamp="2026-06-01T17:15:05.754502+08:00" hostname="DESKTOP-OB5646S"><testcase classname="tests.test_vnext_moonshot_lane10b_scheduler_conflict_anatomy_multiticket_design" name="test_opposite_side_same_symbol_stays_fail_closed" time="0.271" /><testcase classname="tests.test_vnext_moonshot_lane10b_scheduler_conflict_anatomy_multiticket_design" name="test_same_side_risk_released_ticket_is_repairable" time="0.003" /><testcase classname="tests.test_vnext_moonshot_lane10b_scheduler_conflict_anatomy_multiticket_design" name="test_missing_risk_is_correct_source_gap_not_scheduler_relaxation" time="0.003" /><testcase classname="tests.test_vnext_moonshot_lane10b_scheduler_conflict_anatomy_multiticket_design" name="test_reduced_risk_action_records_haircut_missed_edge" time="0.003" /><testcase classname="tests.test_vnext_moonshot_lane10b_scheduler_conflict_anatomy_multiticket_design" name="test_required_v3_branches_are_declared" time="0.005" /></testsuite></testsuites>