<?xml version="1.0" encoding="utf-8"?><testsuites name="pytest tests"><testsuite name="pytest" errors="0" failures="0" skipped="0" tests="5" time="0.631" timestamp="2026-05-12T13:29:29.913155+08:00" hostname="DESKTOP-OB5646S"><testcase classname="research.science_program_2026_05.06_outcome_testing.scid_forward_capture_implementation_design_package_from_offline_schema_synthesis.test_scid_forward_capture_implementation_design_package_2026_05_12" name="test_capture_group_contract_is_complete" time="0.001" /><testcase classname="research.science_program_2026_05.06_outcome_testing.scid_forward_capture_implementation_design_package_from_offline_schema_synthesis.test_scid_forward_capture_implementation_design_package_2026_05_12" name="test_safe_flags_keep_no_live_no_validation_boundary" time="0.001" /><testcase classname="research.science_program_2026_05.06_outcome_testing.scid_forward_capture_implementation_design_package_from_offline_schema_synthesis.test_scid_forward_capture_implementation_design_package_2026_05_12" name="test_builder_emits_proposed_only_patch_artifacts" time="0.252" /><testcase classname="research.science_program_2026_05.06_outcome_testing.scid_forward_capture_implementation_design_package_from_offline_schema_synthesis.test_scid_forward_capture_implementation_design_package_2026_05_12" name="test_redaction_plan_blocks_lifecycle_and_result_leaks" time="0.001" /><testcase classname="research.science_program_2026_05.06_outcome_testing.scid_forward_capture_implementation_design_package_from_offline_schema_synthesis.test_scid_forward_capture_implementation_design_package_2026_05_12" name="test_verifier_passes_static_route_checks_after_build" time="0.201" /></testsuite></testsuites>