<?xml version="1.0" encoding="utf-8"?><testsuites name="pytest tests"><testsuite name="pytest" errors="0" failures="0" skipped="0" tests="29" time="0.750" timestamp="2026-06-01T19:54:18.335139+08:00" hostname="DESKTOP-OB5646S"><testcase classname="research.operations.vnext_absolute_moonshot_lane18_broker_truth_cost_capture_v2_2026_06_01.test_vnext_absolute_moonshot_lane18_broker_truth_cost_capture_v2" name="test_generated_artifact_bundle_passes_lane18_verifier" time="0.160" /><testcase classname="research.operations.vnext_absolute_moonshot_lane18_broker_truth_cost_capture_v2_2026_06_01.test_vnext_absolute_moonshot_lane18_broker_truth_cost_capture_v2" name="test_verifier_fails_when_projected_pnl_dominates_broker_truth" time="0.000" /><testcase classname="research.operations.vnext_absolute_moonshot_lane18_broker_truth_cost_capture_v2_2026_06_01.test_vnext_absolute_moonshot_lane18_broker_truth_cost_capture_v2" name="test_verifier_fails_when_ticket_bound_contract_lacks_ticket_identity" time="0.001" /><testcase classname="research.operations.vnext_absolute_moonshot_lane18_broker_truth_cost_capture_v2_2026_06_01.test_vnext_absolute_moonshot_lane18_broker_truth_cost_capture_v2" name="test_verifier_fails_when_false_close_classification_is_unmanaged" time="0.001" /><testcase classname="research.operations.vnext_absolute_moonshot_lane18_broker_truth_cost_capture_v2_2026_06_01.test_vnext_absolute_moonshot_lane18_broker_truth_cost_capture_v2" name="test_verifier_fails_when_cost_source_reason_is_missing" time="0.000" /><testcase classname="research.operations.vnext_absolute_moonshot_lane18_broker_truth_cost_capture_v2_2026_06_01.test_vnext_absolute_moonshot_lane18_broker_truth_cost_capture_v2" name="test_verifier_fails_on_broker_real_proxy_label_confusion" time="0.000" /><testcase classname="research.operations.vnext_absolute_moonshot_lane18_broker_truth_cost_capture_v2_2026_06_01.test_vnext_absolute_moonshot_lane18_broker_truth_cost_capture_v2" name="test_verifier_fails_on_generic_summary_source_gap" time="0.000" /><testcase classname="tests.test_broker_truth_cost_capture_v2" name="test_default_off_capture_does_not_write" time="0.270" /><testcase classname="tests.test_broker_truth_cost_capture_v2" name="test_lifecycle_row_captures_ticket_result_spread_and_stop_freeze_context" time="0.003" /><testcase classname="tests.test_broker_truth_cost_capture_v2" name="test_lifecycle_validator_fails_missing_ticket_identity_and_source" time="0.002" /><testcase classname="tests.test_broker_truth_cost_capture_v2" name="test_lifecycle_validator_fails_unmanaged_false_local_close" time="0.003" /><testcase classname="tests.test_broker_truth_cost_capture_v2" name="test_lifecycle_validator_fails_cost_without_source_reason" time="0.003" /><testcase classname="tests.test_broker_truth_cost_capture_v2" name="test_lifecycle_validator_rejects_broker_real_proxy_confusion" time="0.003" /><testcase classname="tests.test_mt5.TestMockMT5Connection" name="test_connect_disconnect" time="0.002" /><testcase classname="tests.test_mt5.TestMockMT5Connection" name="test_account_balance" time="0.002" /><testcase classname="tests.test_mt5.TestMockMT5Connection" name="test_margin_mode" time="0.003" /><testcase classname="tests.test_mt5.TestMockMT5Orders" name="test_order_send_creates_position" time="0.002" /><testcase classname="tests.test_mt5.TestMockMT5Orders" name="test_order_log" time="0.002" /><testcase classname="tests.test_mt5.TestMockMT5Orders" name="test_sltp_modify" time="0.002" /><testcase classname="tests.test_mt5.TestMockMT5Filtering" name="test_get_positions_filters_by_magic" time="0.002" /><testcase classname="tests.test_mt5.TestMockMT5PartialClose" name="test_partial_close_changes_ticket" time="0.003" /><testcase classname="tests.test_mt5.TestMockMT5PartialClose" name="test_full_close_removes_position" time="0.003" /><testcase classname="tests.test_mt5.TestOrderResult" name="test_success_property" time="0.003" /><testcase classname="tests.test_mt5.TestFactory" name="test_create_mock" time="0.003" /><testcase classname="tests.test_mt5.TestRealMT5History" name="test_candle_from_pos_timestamps_subtract_broker_offset" time="0.003" /><testcase classname="tests.test_mt5.TestRealMT5History" name="test_candle_range_timestamps_subtract_broker_offset" time="0.003" /><testcase classname="tests.test_mt5.TestRealMT5History" name="test_history_deal_query_uses_broker_time_bounds" time="0.003" /><testcase classname="tests.test_mt5.TestMockMT5Candles" name="test_set_and_get_candles" time="0.002" /><testcase classname="tests.test_mt5.TestMockMT5Candles" name="test_get_candles_empty" time="0.003" /></testsuite></testsuites>