<?xml version="1.0" encoding="utf-8"?><testsuites name="pytest tests"><testsuite name="pytest" errors="0" failures="0" skipped="0" tests="5" time="0.111" timestamp="2026-06-01T11:18:34.494226+08:00" hostname="DESKTOP-OB5646S"><testcase classname="research.operations.vnext_moonshot_lane06_label_store_v1_2026_06_01.test_vnext_moonshot_lane06_label_store_v1" name="test_label_derivation_uses_event_order_for_sl_before_1r" time="0.002" /><testcase classname="research.operations.vnext_moonshot_lane06_label_store_v1_2026_06_01.test_vnext_moonshot_lane06_label_store_v1" name="test_label_derivation_keeps_broker_net_r_separate_from_proxy_r" time="0.002" /><testcase classname="research.operations.vnext_moonshot_lane06_label_store_v1_2026_06_01.test_vnext_moonshot_lane06_label_store_v1" name="test_schema_declares_required_downstream_label_families" time="0.002" /><testcase classname="research.operations.vnext_moonshot_lane06_label_store_v1_2026_06_01.test_vnext_moonshot_lane06_label_store_v1" name="test_materialized_artifacts_have_core_rows_when_builder_has_run" time="0.001" /><testcase classname="research.operations.vnext_moonshot_lane06_label_store_v1_2026_06_01.test_vnext_moonshot_lane06_label_store_v1" name="test_lane05_and_lane07_present_contracts_are_consumed_when_available" time="0.001" /></testsuite></testsuites>