<?xml version="1.0" encoding="utf-8"?><testsuites name="pytest tests"><testsuite name="pytest" errors="0" failures="0" skipped="0" tests="10" time="0.119" timestamp="2026-06-01T17:59:35.139289+08:00" hostname="DESKTOP-OB5646S"><testcase classname="research.operations.vnext_moonshot_lane11_execution_policy_engine_v2_2026_06_01.test_vnext_moonshot_lane11_execution_policy_engine_v2" name="test_partial_runner_requires_ticket_bound_partial_and_residual_lifecycle" time="0.001" /><testcase classname="research.operations.vnext_moonshot_lane11_execution_policy_engine_v2_2026_06_01.test_vnext_moonshot_lane11_execution_policy_engine_v2" name="test_rejected_modify_blocks_modify_dependent_policy" time="0.000" /><testcase classname="research.operations.vnext_moonshot_lane11_execution_policy_engine_v2_2026_06_01.test_vnext_moonshot_lane11_execution_policy_engine_v2" name="test_non_modify_policy_is_feasible_without_modify_loop" time="0.000" /><testcase classname="research.operations.vnext_moonshot_lane11_execution_policy_engine_v2_2026_06_01.test_vnext_moonshot_lane11_execution_policy_engine_v2" name="test_hybrid_strict_trailing_uses_trailing_only_when_strict_and_modify_feasible" time="0.000" /><testcase classname="research.operations.vnext_moonshot_lane11_execution_policy_engine_v2_2026_06_01.test_vnext_moonshot_lane11_execution_policy_engine_v2" name="test_result_prefers_strict_tick_over_proxy_for_same_policy" time="0.001" /><testcase classname="research.operations.vnext_moonshot_lane11_execution_policy_engine_v2_2026_06_01.test_vnext_moonshot_lane11_execution_policy_engine_v2" name="test_no_leak_validator_rejects_future_label_fields_in_package_rule" time="0.000" /><testcase classname="research.operations.vnext_moonshot_lane11_execution_policy_engine_v2_2026_06_01.test_vnext_moonshot_lane11_execution_policy_engine_v2" name="test_metric_tracks_cost_stress_drawdown_and_loss_streak" time="0.000" /><testcase classname="research.operations.vnext_moonshot_lane11_execution_policy_engine_v2_2026_06_01.test_vnext_moonshot_lane11_execution_policy_engine_v2" name="test_expanded_policy_registry_is_not_baseline_only_and_covers_required_domains" time="0.003" /><testcase classname="research.operations.vnext_moonshot_lane11_execution_policy_engine_v2_2026_06_01.test_vnext_moonshot_lane11_execution_policy_engine_v2" name="test_expanded_variant_bucket_feasibility_is_not_global_gap_only" time="0.003" /><testcase classname="research.operations.vnext_moonshot_lane11_execution_policy_engine_v2_2026_06_01.test_vnext_moonshot_lane11_execution_policy_engine_v2" name="test_expanded_partial_proxy_simulates_nonbaseline_result_from_m15_fields" time="0.001" /></testsuite></testsuites>