<?xml version="1.0" encoding="utf-8"?><testsuites name="pytest tests"><testsuite name="pytest" errors="0" failures="0" skipped="0" tests="7" time="4.491" timestamp="2026-06-02T01:24:56.925048+08:00" hostname="DESKTOP-OB5646S"><testcase classname="research.operations.vnext_absolute_moonshot_execution_policy_v3_2026_06_01.test_vnext_absolute_moonshot_execution_policy_v3" name="test_v3_registry_extends_lane11_without_truncating" time="0.018" /><testcase classname="research.operations.vnext_absolute_moonshot_execution_policy_v3_2026_06_01.test_vnext_absolute_moonshot_execution_policy_v3" name="test_policy_route_decision_separates_proxy_and_exact_r" time="0.001" /><testcase classname="research.operations.vnext_absolute_moonshot_execution_policy_v3_2026_06_01.test_vnext_absolute_moonshot_execution_policy_v3" name="test_broker_tick_lifecycle_requirements_cover_all_required_fields" time="0.001" /><testcase classname="research.operations.vnext_absolute_moonshot_execution_policy_v3_2026_06_01.test_vnext_absolute_moonshot_execution_policy_v3" name="test_default_off_package_has_no_runtime_effect_and_static_baseline_is_comparator" time="0.001" /><testcase classname="research.operations.vnext_absolute_moonshot_execution_policy_v3_2026_06_01.test_vnext_absolute_moonshot_execution_policy_v3" name="test_source_capture_decisions_include_execution_policy_v3_post_lane18_consumption" time="0.002" /><testcase classname="research.operations.vnext_absolute_moonshot_execution_policy_v3_2026_06_01.test_vnext_absolute_moonshot_execution_policy_v3" name="test_feasible_evaluation_and_routing_ledgers_preserve_full_material_rows" time="2.152" /><testcase classname="research.operations.vnext_absolute_moonshot_execution_policy_v3_2026_06_01.test_vnext_absolute_moonshot_execution_policy_v3" name="test_verify_outputs_passes" time="2.138" /></testsuite></testsuites>