<?xml version="1.0" encoding="utf-8"?><testsuites name="pytest tests"><testsuite name="pytest" errors="0" failures="0" skipped="0" tests="6" time="0.100" timestamp="2026-06-01T14:49:40.793844+08:00" hostname="DESKTOP-OB5646S"><testcase classname="research.operations.vnext_moonshot_lane08_digital_twin_replay_engine_2026_06_01.test_vnext_moonshot_lane08_digital_twin_replay_engine" name="test_decision_input_validator_rejects_future_result_fields" time="0.001" /><testcase classname="research.operations.vnext_moonshot_lane08_digital_twin_replay_engine_2026_06_01.test_vnext_moonshot_lane08_digital_twin_replay_engine" name="test_decision_input_validator_allows_source_availability_features" time="0.001" /><testcase classname="research.operations.vnext_moonshot_lane08_digital_twin_replay_engine_2026_06_01.test_vnext_moonshot_lane08_digital_twin_replay_engine" name="test_result_r_prefers_broker_real_over_proxy" time="0.000" /><testcase classname="research.operations.vnext_moonshot_lane08_digital_twin_replay_engine_2026_06_01.test_vnext_moonshot_lane08_digital_twin_replay_engine" name="test_result_payload_keeps_label_values_out_of_decision_inputs" time="0.001" /><testcase classname="research.operations.vnext_moonshot_lane08_digital_twin_replay_engine_2026_06_01.test_vnext_moonshot_lane08_digital_twin_replay_engine" name="test_metric_tracks_drawdown_profit_factor_and_loss_streak" time="0.001" /><testcase classname="research.operations.vnext_moonshot_lane08_digital_twin_replay_engine_2026_06_01.test_vnext_moonshot_lane08_digital_twin_replay_engine" name="test_friday_depth_requires_friday_microscope_source_not_calendar_friday" time="0.001" /></testsuite></testsuites>