<?xml version="1.0" encoding="utf-8"?><testsuites name="pytest tests"><testsuite name="pytest" errors="0" failures="0" skipped="0" tests="3" time="61.064" timestamp="2026-06-01T20:05:54.882565+08:00" hostname="DESKTOP-OB5646S"><testcase classname="tests.test_vnext_absolute_moonshot_lane16_historical_microscope_scale" name="test_lane16_event_row_preserves_timeline_and_gap_proof" time="0.256" /><testcase classname="tests.test_vnext_absolute_moonshot_lane16_historical_microscope_scale" name="test_lane16_policy_mapper_extracts_current_and_best_policy" time="0.003" /><testcase classname="tests.test_vnext_absolute_moonshot_lane16_historical_microscope_scale" name="test_lane16_written_route_outputs_verify_without_rebuild" time="60.690" /></testsuite></testsuites>