<?xml version="1.0" encoding="utf-8"?><testsuites name="pytest tests"><testsuite name="pytest" errors="0" failures="0" skipped="0" tests="6" time="40.991" timestamp="2026-06-02T01:29:56.050145+08:00" hostname="DESKTOP-OB5646S"><testcase classname="tests.test_vnext_absolute_moonshot_scheduler_v3" name="test_same_side_released_positive_row_queues_without_live_activation" time="0.293" /><testcase classname="tests.test_vnext_absolute_moonshot_scheduler_v3" name="test_high_expectancy_same_side_released_row_gets_replace_contract" time="0.004" /><testcase classname="tests.test_vnext_absolute_moonshot_scheduler_v3" name="test_opposite_side_same_symbol_is_conflict_net_reject" time="0.003" /><testcase classname="tests.test_vnext_absolute_moonshot_scheduler_v3" name="test_missing_risk_requires_source_not_count_cap" time="0.003" /><testcase classname="tests.test_vnext_absolute_moonshot_scheduler_v3" name="test_money_risk_exposure_has_required_fields" time="0.003" /><testcase classname="tests.test_vnext_absolute_moonshot_scheduler_v3" name="test_written_scheduler_v3_outputs_verify_when_present" time="40.556" /></testsuite></testsuites>