<?xml version="1.0" encoding="utf-8"?><testsuites name="pytest tests"><testsuite name="pytest" errors="0" failures="0" skipped="0" tests="3" time="2.359" timestamp="2026-05-31T23:07:33.228133+08:00" hostname="DESKTOP-OB5646S"><testcase classname="tests.test_vnext_lane09_cross_lane_merge_dossier" name="test_lane09_build_adopts_lane02_readonly_from_disk" time="1.282" /><testcase classname="tests.test_vnext_lane09_cross_lane_merge_dossier" name="test_lane09_package_keeps_live_production_change_gated" time="0.963" /><testcase classname="tests.test_vnext_lane09_cross_lane_merge_dossier" name="test_lane09_written_outputs_verify_from_current_disk" time="0.005" /></testsuite></testsuites>