<?xml version="1.0" encoding="utf-8"?><testsuites name="pytest tests"><testsuite name="pytest" errors="0" failures="0" skipped="0" tests="6" time="0.128" timestamp="2026-05-12T16:03:13.512374+08:00" hostname="DESKTOP-OB5646S"><testcase classname="research.science_program_2026_05.06_outcome_testing.g12_scid_forward_capture_implementation_design_package_audit.test_g12_scid_forward_capture_implementation_design_package_audit_2026_05_12" name="test_candidate_boundary_recomputed_from_upstream_artifacts" time="0.001" /><testcase classname="research.science_program_2026_05.06_outcome_testing.g12_scid_forward_capture_implementation_design_package_audit.test_g12_scid_forward_capture_implementation_design_package_audit_2026_05_12" name="test_exact_ten_capture_groups_and_contract_keys" time="0.001" /><testcase classname="research.science_program_2026_05.06_outcome_testing.g12_scid_forward_capture_implementation_design_package_audit.test_g12_scid_forward_capture_implementation_design_package_audit_2026_05_12" name="test_manifest_repair_is_limited_to_current_g12_prompt_hardening" time="0.001" /><testcase classname="research.science_program_2026_05.06_outcome_testing.g12_scid_forward_capture_implementation_design_package_audit.test_g12_scid_forward_capture_implementation_design_package_audit_2026_05_12" name="test_patch_owner_gate_and_no_leak_boundaries" time="0.001" /><testcase classname="research.science_program_2026_05.06_outcome_testing.g12_scid_forward_capture_implementation_design_package_audit.test_g12_scid_forward_capture_implementation_design_package_audit_2026_05_12" name="test_target_verifier_tests_and_terminal_decision_pass" time="0.001" /><testcase classname="research.science_program_2026_05.06_outcome_testing.g12_scid_forward_capture_implementation_design_package_audit.test_g12_scid_forward_capture_implementation_design_package_audit_2026_05_12" name="test_completion_audit_maps_prompt_requirements" time="0.001" /></testsuite></testsuites>