<?xml version="1.0" encoding="utf-8"?><testsuites name="pytest tests"><testsuite name="pytest" errors="0" failures="0" skipped="0" tests="7" time="0.437" timestamp="2026-06-01T15:27:41.970148+08:00" hostname="DESKTOP-OB5646S"><testcase classname="tests.test_vnext_moonshot_lane10_portfolio_scheduler_v2" name="test_simultaneous_candidate_priority_accepts_best_without_top_n_shortcut" time="0.279" /><testcase classname="tests.test_vnext_moonshot_lane10_portfolio_scheduler_v2" name="test_partial_be_release_frees_open_risk_before_final_close" time="0.003" /><testcase classname="tests.test_vnext_moonshot_lane10_portfolio_scheduler_v2" name="test_open_pending_new_risk_blocks_oversized_candidate" time="0.003" /><testcase classname="tests.test_vnext_moonshot_lane10_portfolio_scheduler_v2" name="test_realized_cushion_expands_available_portfolio_budget" time="0.003" /><testcase classname="tests.test_vnext_moonshot_lane10_portfolio_scheduler_v2" name="test_drawdown_compression_blocks_when_account_cushion_is_breached" time="0.003" /><testcase classname="tests.test_vnext_moonshot_lane10_portfolio_scheduler_v2" name="test_stale_count_cap_is_replaced_by_money_risk_and_oversized_trade_rejects" time="0.004" /><testcase classname="tests.test_vnext_moonshot_lane10_portfolio_scheduler_v2" name="test_correlated_cluster_exposure_rejects_before_total_portfolio_limit" time="0.003" /></testsuite></testsuites>