<?xml version="1.0" encoding="utf-8"?><testsuites name="pytest tests"><testsuite name="pytest" errors="0" failures="0" skipped="0" tests="3" time="4.932" timestamp="2026-05-31T22:54:53.149261+08:00" hostname="DESKTOP-OB5646S"><testcase classname="tests.test_vnext_lane02_broad_selected_portfolio_replay_stress" name="test_source_partial_release_changes_open_risk_stress_acceptance" time="0.258" /><testcase classname="tests.test_vnext_lane02_broad_selected_portfolio_replay_stress" name="test_same_symbol_conflict_persists_after_partial_risk_release" time="0.003" /><testcase classname="tests.test_vnext_lane02_broad_selected_portfolio_replay_stress" name="test_lane02_written_route_outputs_verify_without_rewrite" time="4.551" /></testsuite></testsuites>