<?xml version="1.0" encoding="utf-8"?><testsuites name="pytest tests"><testsuite name="pytest" errors="0" failures="0" skipped="0" tests="7" time="3.975" timestamp="2026-06-01T07:07:55.774805+08:00" hostname="DESKTOP-OB5646S"><testcase classname="research.operations.vnext_moonshot_lane02_no_leak_time_alignment_asof_contract_2026_06_01.test_vnext_moonshot_lane02_no_leak_time_alignment_asof_contract" name="test_feature_store_rejects_outcome_and_post_close_fields" time="0.001" /><testcase classname="research.operations.vnext_moonshot_lane02_no_leak_time_alignment_asof_contract_2026_06_01.test_vnext_moonshot_lane02_no_leak_time_alignment_asof_contract" name="test_feature_store_rejects_future_capture_timestamp" time="0.001" /><testcase classname="research.operations.vnext_moonshot_lane02_no_leak_time_alignment_asof_contract_2026_06_01.test_vnext_moonshot_lane02_no_leak_time_alignment_asof_contract" name="test_label_store_accepts_outcome_fields" time="0.000" /><testcase classname="research.operations.vnext_moonshot_lane02_no_leak_time_alignment_asof_contract_2026_06_01.test_vnext_moonshot_lane02_no_leak_time_alignment_asof_contract" name="test_session_normalizer_uses_utc_authority_across_dst_and_crypto" time="0.261" /><testcase classname="research.operations.vnext_moonshot_lane02_no_leak_time_alignment_asof_contract_2026_06_01.test_vnext_moonshot_lane02_no_leak_time_alignment_asof_contract" name="test_candle_close_and_friday_close_contract" time="0.000" /><testcase classname="research.operations.vnext_moonshot_lane02_no_leak_time_alignment_asof_contract_2026_06_01.test_vnext_moonshot_lane02_no_leak_time_alignment_asof_contract" name="test_canonical_key_preserves_broker_lifecycle_ids" time="0.000" /><testcase classname="research.operations.vnext_moonshot_lane02_no_leak_time_alignment_asof_contract_2026_06_01.test_vnext_moonshot_lane02_no_leak_time_alignment_asof_contract" name="test_written_route_outputs_verify_without_rewrite" time="3.571" /></testsuite></testsuites>