<?xml version="1.0" encoding="utf-8"?><testsuites name="pytest tests"><testsuite name="pytest" errors="0" failures="0" skipped="0" tests="3" time="2.735" timestamp="2026-06-01T05:57:29.805185+08:00" hostname="DESKTOP-OB5646S"><testcase classname="tests.test_vnext_moonshot_lane04_historical_microscope_engine" name="test_lane04_m15_timeline_records_missing_tick_and_cost_proof" time="0.285" /><testcase classname="tests.test_vnext_moonshot_lane04_historical_microscope_engine" name="test_lane04_friday_timeline_preserves_tick_event_fields" time="0.004" /><testcase classname="tests.test_vnext_moonshot_lane04_historical_microscope_engine" name="test_lane04_written_route_outputs_verify_without_rewrite" time="2.316" /></testsuite></testsuites>