<?xml version="1.0" encoding="utf-8"?><testsuites name="pytest tests"><testsuite name="pytest" errors="0" failures="0" skipped="0" tests="4" time="0.112" timestamp="2026-06-01T09:46:28.138558+08:00" hostname="DESKTOP-OB5646S"><testcase classname="research.operations.vnext_moonshot_lane05_feature_store_v1_2026_06_01.test_vnext_moonshot_lane05_feature_store_v1" name="test_feature_schema_covers_required_families_without_outcome_features" time="0.001" /><testcase classname="research.operations.vnext_moonshot_lane05_feature_store_v1_2026_06_01.test_vnext_moonshot_lane05_feature_store_v1" name="test_timeline_feature_row_excludes_path_labels_and_keeps_source_gaps" time="0.001" /><testcase classname="research.operations.vnext_moonshot_lane05_feature_store_v1_2026_06_01.test_vnext_moonshot_lane05_feature_store_v1" name="test_external_macro_feature_respects_publication_asof" time="0.000" /><testcase classname="research.operations.vnext_moonshot_lane05_feature_store_v1_2026_06_01.test_vnext_moonshot_lane05_feature_store_v1" name="test_canonical_candidate_feature_row_records_market_state_gap_instead_of_dropping_row" time="0.001" /></testsuite></testsuites>