<?xml version="1.0" encoding="utf-8"?><testsuites name="pytest tests"><testsuite name="pytest" errors="0" failures="0" skipped="0" tests="7" time="0.112" timestamp="2026-06-01T17:20:29.641286+08:00" hostname="DESKTOP-OB5646S"><testcase classname="research.operations.vnext_moonshot_lane09b_selector_scheduler_reconciliation_2026_06_01.test_vnext_moonshot_lane09b_selector_scheduler_reconciliation" name="test_lane09_and_lane10_terminal_counts_are_frozen_inputs" time="0.001" /><testcase classname="research.operations.vnext_moonshot_lane09b_selector_scheduler_reconciliation_2026_06_01.test_vnext_moonshot_lane09b_selector_scheduler_reconciliation" name="test_row_classification_distinguishes_scheduler_survival_and_false_positive" time="0.001" /><testcase classname="research.operations.vnext_moonshot_lane09b_selector_scheduler_reconciliation_2026_06_01.test_vnext_moonshot_lane09b_selector_scheduler_reconciliation" name="test_row_classification_identifies_repairable_and_correct_blocks" time="0.000" /><testcase classname="research.operations.vnext_moonshot_lane09b_selector_scheduler_reconciliation_2026_06_01.test_vnext_moonshot_lane09b_selector_scheduler_reconciliation" name="test_source_gap_scheduler_reason_is_preserved" time="0.000" /><testcase classname="research.operations.vnext_moonshot_lane09b_selector_scheduler_reconciliation_2026_06_01.test_vnext_moonshot_lane09b_selector_scheduler_reconciliation" name="test_aggregate_recommendation_reduces_scheduler_constrained_promote" time="0.000" /><testcase classname="research.operations.vnext_moonshot_lane09b_selector_scheduler_reconciliation_2026_06_01.test_vnext_moonshot_lane09b_selector_scheduler_reconciliation" name="test_requirement_key_normalizes_no_side_to_lane10_unknown_side" time="0.000" /><testcase classname="research.operations.vnext_moonshot_lane09b_selector_scheduler_reconciliation_2026_06_01.test_vnext_moonshot_lane09b_selector_scheduler_reconciliation" name="test_build_joined_row_uses_lane09_source_row_identity" time="0.000" /></testsuite></testsuites>