<?xml version="1.0" encoding="utf-8"?><testsuites name="pytest tests"><testsuite name="pytest" errors="0" failures="0" skipped="0" tests="6" time="0.115" timestamp="2026-06-01T15:37:32.478375+08:00" hostname="DESKTOP-OB5646S"><testcase classname="research.operations.vnext_moonshot_lane09_meta_selector_v2_2026_06_01.test_vnext_moonshot_lane09_meta_selector_v2" name="test_lane08_contract_counts_are_terminal_inputs" time="0.001" /><testcase classname="research.operations.vnext_moonshot_lane09_meta_selector_v2_2026_06_01.test_vnext_moonshot_lane09_meta_selector_v2" name="test_interaction_templates_cover_prompt_selector_space_without_friday_only_rule" time="0.000" /><testcase classname="research.operations.vnext_moonshot_lane09_meta_selector_v2_2026_06_01.test_vnext_moonshot_lane09_meta_selector_v2" name="test_forensic_dimensions_are_not_runtime_clause_legal" time="0.000" /><testcase classname="research.operations.vnext_moonshot_lane09_meta_selector_v2_2026_06_01.test_vnext_moonshot_lane09_meta_selector_v2" name="test_decision_classifier_promotes_strong_runtime_group" time="0.000" /><testcase classname="research.operations.vnext_moonshot_lane09_meta_selector_v2_2026_06_01.test_vnext_moonshot_lane09_meta_selector_v2" name="test_decision_classifier_blocks_forensic_runtime_use" time="0.000" /><testcase classname="research.operations.vnext_moonshot_lane09_meta_selector_v2_2026_06_01.test_vnext_moonshot_lane09_meta_selector_v2" name="test_leave_one_out_stress_subtracts_additive_metrics" time="0.001" /></testsuite></testsuites>